  Application.cpp
C:\Users\Song Ze\source\repos\SP3LESGO\Physics\Source\Application.h(5,10): fatal error C1083: Cannot open include file: 'timer.h': No such file or directory
  Assignment1.cpp
C:\Users\Song Ze\source\repos\SP3LESGO\Physics\Source\GameObject.h(4,10): fatal error C1083: Cannot open include file: 'Vector3.h': No such file or directory
  Camera.cpp
C:\Users\Song Ze\source\repos\SP3LESGO\Physics\Source\Camera.h(4,10): fatal error C1083: Cannot open include file: 'Vector3.h': No such file or directory
  GameObject.cpp
C:\Users\Song Ze\source\repos\SP3LESGO\Physics\Source\GameObject.h(4,10): fatal error C1083: Cannot open include file: 'Vector3.h': No such file or directory
  LoadOBJ.cpp
C:\Users\Song Ze\source\repos\SP3LESGO\Physics\Source\Vertex.h(4,10): fatal error C1083: Cannot open include file: 'Vector3.h': No such file or directory
  LoadTGA.cpp
C:\Users\Song Ze\source\repos\SP3LESGO\Physics\Source\LoadTGA.cpp(4,10): fatal error C1083: Cannot open include file: 'GL\glew.h': No such file or directory
  main.cpp
C:\Users\Song Ze\source\repos\SP3LESGO\Physics\Source\Application.h(5,10): fatal error C1083: Cannot open include file: 'timer.h': No such file or directory
  Mesh.cpp
C:\Users\Song Ze\source\repos\SP3LESGO\Physics\Source\Mesh.cpp(3,10): fatal error C1083: Cannot open include file: 'GL\glew.h': No such file or directory
  MeshBuilder.cpp
C:\Users\Song Ze\source\repos\SP3LESGO\Physics\Source\Vertex.h(4,10): fatal error C1083: Cannot open include file: 'Vector3.h': No such file or directory
  SceneAsteroid.cpp
C:\Users\Song Ze\source\repos\SP3LESGO\Physics\Source\GameObject.h(4,10): fatal error C1083: Cannot open include file: 'Vector3.h': No such file or directory
  SceneBase.cpp
C:\Users\Song Ze\source\repos\SP3LESGO\Physics\Source\SceneBase.h(5,10): fatal error C1083: Cannot open include file: 'Mtx44.h': No such file or directory
  SceneKinematics.cpp
C:\Users\Song Ze\source\repos\SP3LESGO\Physics\Source\GameObject.h(4,10): fatal error C1083: Cannot open include file: 'Vector3.h': No such file or directory
  SceneVector.cpp
C:\Users\Song Ze\source\repos\SP3LESGO\Physics\Source\GameObject.h(4,10): fatal error C1083: Cannot open include file: 'Vector3.h': No such file or directory
  shader.cpp
C:\Users\Song Ze\source\repos\SP3LESGO\Physics\Source\shader.cpp(12,10): fatal error C1083: Cannot open include file: 'GL/glew.h': No such file or directory
  Utility.cpp
C:\Users\Song Ze\source\repos\SP3LESGO\Physics\Source\Utility.h(4,10): fatal error C1083: Cannot open include file: 'Mtx44.h': No such file or directory
  Generating Code...
