c:\users\song ze\source\repos\sp3lesgo\physics\debug\vc142.pdb
c:\users\song ze\source\repos\sp3lesgo\physics\debug\vc142.idb
c:\users\song ze\source\repos\sp3lesgo\physics\debug\utility.obj
c:\users\song ze\source\repos\sp3lesgo\physics\debug\spriteanimation.obj
c:\users\song ze\source\repos\sp3lesgo\physics\debug\soundinfo.obj
c:\users\song ze\source\repos\sp3lesgo\physics\debug\soundcontroller.obj
c:\users\song ze\source\repos\sp3lesgo\physics\debug\shader.obj
c:\users\song ze\source\repos\sp3lesgo\physics\debug\scenevector.obj
c:\users\song ze\source\repos\sp3lesgo\physics\debug\scenekinematics.obj
c:\users\song ze\source\repos\sp3lesgo\physics\debug\scenebase.obj
c:\users\song ze\source\repos\sp3lesgo\physics\debug\sceneasteroid.obj
c:\users\song ze\source\repos\sp3lesgo\physics\debug\meshbuilder.obj
c:\users\song ze\source\repos\sp3lesgo\physics\debug\mesh.obj
c:\users\song ze\source\repos\sp3lesgo\physics\debug\main.obj
c:\users\song ze\source\repos\sp3lesgo\physics\debug\loadtga.obj
c:\users\song ze\source\repos\sp3lesgo\physics\debug\loadtexture.obj
c:\users\song ze\source\repos\sp3lesgo\physics\debug\loadobj.obj
c:\users\song ze\source\repos\sp3lesgo\physics\debug\gameobject.obj
c:\users\song ze\source\repos\sp3lesgo\physics\debug\camera.obj
c:\users\song ze\source\repos\sp3lesgo\physics\debug\assignment1.obj
c:\users\song ze\source\repos\sp3lesgo\physics\debug\application.obj
c:\users\song ze\source\repos\sp3lesgo\debug\physics.pdb
c:\users\song ze\source\repos\sp3lesgo\physics\debug\physics.tlog\cl.command.1.tlog
c:\users\song ze\source\repos\sp3lesgo\physics\debug\physics.tlog\cl.read.1.tlog
c:\users\song ze\source\repos\sp3lesgo\physics\debug\physics.tlog\cl.write.1.tlog
c:\users\song ze\source\repos\sp3lesgo\physics\debug\physics.tlog\link-cvtres.read.1.tlog
c:\users\song ze\source\repos\sp3lesgo\physics\debug\physics.tlog\link-cvtres.write.1.tlog
c:\users\song ze\source\repos\sp3lesgo\physics\debug\physics.tlog\link-rc.read.1.tlog
c:\users\song ze\source\repos\sp3lesgo\physics\debug\physics.tlog\link-rc.write.1.tlog
c:\users\song ze\source\repos\sp3lesgo\physics\debug\physics.tlog\link.command.1.tlog
c:\users\song ze\source\repos\sp3lesgo\physics\debug\physics.tlog\link.read.1.tlog
c:\users\song ze\source\repos\sp3lesgo\physics\debug\physics.tlog\link.write.1.tlog
